#
# There is insufficient memory for the Java Runtime Environment to continue.
# Native memory allocation (mmap) failed to map 47185920 bytes for Failed to commit area from 0x000000076de00000 to 0x0000000770b00000 of length 47185920.
# Possible reasons:
#   The system is out of physical RAM or swap space
#   The process is running with CompressedOops enabled, and the Java Heap may be blocking the growth of the native heap
# Possible solutions:
#   Reduce memory load on the system
#   Increase physical memory or swap space
#   Check if swap backing store is full
#   Decrease Java heap size (-Xmx/-Xms)
#   Decrease number of Java threads
#   Decrease Java thread stack sizes (-Xss)
#   Set larger code cache with -XX:ReservedCodeCacheSize=
#   JVM is running with Zero Based Compressed Oops mode in which the Java heap is
#     placed in the first 32GB address space. The Java Heap base address is the
#     maximum limit for the native heap growth. Please use -XX:HeapBaseMinAddress
#     to set the Java Heap base and to place the Java Heap above 32GB virtual address.
# This output file may be truncated or incomplete.
#
#  Out of Memory Error (./src/hotspot/os/windows/os_windows.cpp:3301), pid=20552, tid=20532
#
# JRE version: OpenJDK Runtime Environment (11.0.10) (build 11.0.10+0-b96-7249189)
# Java VM: OpenJDK 64-Bit Server VM (11.0.10+0-b96-7249189, mixed mode, tiered, compressed oops, g1 gc, windows-amd64)
# No core dump will be written. Minidumps are not enabled by default on client versions of Windows
#

---------------  S U M M A R Y ------------

Command Line: --add-opens=java.base/java.util=ALL-UNNAMED --add-opens=java.base/java.lang=ALL-UNNAMED --add-opens=java.base/java.lang.invoke=ALL-UNNAMED --add-opens=java.base/java.util=ALL-UNNAMED --add-opens=java.prefs/java.util.prefs=ALL-UNNAMED --add-opens=java.prefs/java.util.prefs=ALL-UNNAMED --add-opens=java.base/java.nio.charset=ALL-UNNAMED --add-opens=java.base/java.net=ALL-UNNAMED --add-opens=java.base/java.util.concurrent.atomic=ALL-UNNAMED -Xmx2560m -Dfile.encoding=windows-1252 -Duser.country=IN -Duser.language=en -Duser.variant org.gradle.launcher.daemon.bootstrap.GradleDaemon 7.0.2

Host: Intel(R) Core(TM) i5-6500 CPU @ 3.20GHz, 4 cores, 7G,  Windows 10 , 64 bit Build 19041 (10.0.19041.1202)
Time: Mon Oct 25 19:06:17 2021 India Standard Time elapsed time: 66.289134 seconds (0d 0h 1m 6s)

---------------  T H R E A D  ---------------

Current thread (0x000001d5c879d800):  VMThread "VM Thread" [stack: 0x000000a2be000000,0x000000a2be100000] [id=20532]

Stack: [0x000000a2be000000,0x000000a2be100000]
[error occurred during error reporting (printing stack bounds), id 0xc0000005, EXCEPTION_ACCESS_VIOLATION (0xc0000005) at pc=0x000001d5b0c40f2d]

Native frames: (J=compiled Java code, j=interpreted, Vv=VM code, C=native code)
V  [jvm.dll+0x5ecfaa]
V  [jvm.dll+0x722bd5]
V  [jvm.dll+0x72412d]
V  [jvm.dll+0x724745]
V  [jvm.dll+0x7246fb]
V  [jvm.dll+0x5ec348]
V  [jvm.dll+0x5ecad8]
C  [ntdll.dll+0xa20cf]
C  [ntdll.dll+0x51454]
C  [ntdll.dll+0xa0bfe]
C  0x000001d5b0c40f2d

VM_Operation (0x000000a2bf3f6760): G1CollectForAllocation, mode: safepoint, requested by thread 0x000001d5c9f49800


---------------  P R O C E S S  ---------------

Threads class SMR info:
_java_thread_list=0x000001d5d09d5c10, length=42, elements={
0x000001d5ad149800, 0x000001d5c87c3000, 0x000001d5c87c4000, 0x000001d5c9145800,
0x000001d5c9149000, 0x000001d5c914a800, 0x000001d5c914d800, 0x000001d5c914f000,
0x000001d5c87e4000, 0x000001d5c928d000, 0x000001d5ca786000, 0x000001d5ca6c5000,
0x000001d5ca5f8000, 0x000001d5c9f59000, 0x000001d5ca280000, 0x000001d5c9f48800,
0x000001d5c9f49800, 0x000001d5c919a000, 0x000001d5c919b000, 0x000001d5ca6fb000,
0x000001d5ca6f8800, 0x000001d5ca6fa000, 0x000001d5ca6f9000, 0x000001d5ca6f7800,
0x000001d5ca6f6800, 0x000001d5ca6f5000, 0x000001d5ca6f6000, 0x000001d5ca6fb800,
0x000001d5cb4c7000, 0x000001d5cb4c9000, 0x000001d5cb4c9800, 0x000001d5cb4ca800,
0x000001d5cb4c5800, 0x000001d5cb4c8000, 0x000001d5cb4d1000, 0x000001d5cb4cb800,
0x000001d5cb4d2000, 0x000001d5cb4cc000, 0x000001d5cb4d2800, 0x000001d5cb4cf800,
0x000001d5cb4cd000, 0x000001d5cb4d0000
}

Java Threads: ( => current thread )
  0x000001d5ad149800 JavaThread "main" [_thread_blocked, id=20492, stack(0x000000a2bda00000,0x000000a2bdb00000)]
  0x000001d5c87c3000 JavaThread "Reference Handler" daemon [_thread_blocked, id=20556, stack(0x000000a2be100000,0x000000a2be200000)]
  0x000001d5c87c4000 JavaThread "Finalizer" daemon [_thread_blocked, id=20544, stack(0x000000a2be200000,0x000000a2be300000)]
  0x000001d5c9145800 JavaThread "Signal Dispatcher" daemon [_thread_blocked, id=20540, stack(0x000000a2be300000,0x000000a2be400000)]
  0x000001d5c9149000 JavaThread "Attach Listener" daemon [_thread_blocked, id=512, stack(0x000000a2be400000,0x000000a2be500000)]
  0x000001d5c914a800 JavaThread "Service Thread" daemon [_thread_blocked, id=17184, stack(0x000000a2be500000,0x000000a2be600000)]
  0x000001d5c914d800 JavaThread "C2 CompilerThread0" daemon [_thread_in_native, id=20484, stack(0x000000a2be600000,0x000000a2be700000)]
  0x000001d5c914f000 JavaThread "C1 CompilerThread0" daemon [_thread_blocked, id=13100, stack(0x000000a2be700000,0x000000a2be800000)]
  0x000001d5c87e4000 JavaThread "Sweeper thread" daemon [_thread_blocked, id=19944, stack(0x000000a2be800000,0x000000a2be900000)]
  0x000001d5c928d000 JavaThread "Common-Cleaner" daemon [_thread_blocked, id=7844, stack(0x000000a2be900000,0x000000a2bea00000)]
  0x000001d5ca786000 JavaThread "Daemon health stats" [_thread_blocked, id=1060, stack(0x000000a2bed00000,0x000000a2bee00000)]
  0x000001d5ca6c5000 JavaThread "Incoming local TCP Connector on port 50333" [_thread_in_native, id=10996, stack(0x000000a2bee00000,0x000000a2bef00000)]
  0x000001d5ca5f8000 JavaThread "Daemon periodic checks" [_thread_blocked, id=6152, stack(0x000000a2bef00000,0x000000a2bf000000)]
  0x000001d5c9f59000 JavaThread "Daemon" [_thread_blocked, id=1580, stack(0x000000a2bf000000,0x000000a2bf100000)]
  0x000001d5ca280000 JavaThread "Handler for socket connection from /127.0.0.1:50333 to /127.0.0.1:50334" [_thread_in_native, id=4084, stack(0x000000a2bf100000,0x000000a2bf200000)]
  0x000001d5c9f48800 JavaThread "Cancel handler" [_thread_blocked, id=428, stack(0x000000a2bf200000,0x000000a2bf300000)]
  0x000001d5c9f49800 JavaThread "Daemon worker" [_thread_blocked, id=10988, stack(0x000000a2bf300000,0x000000a2bf400000)]
  0x000001d5c919a000 JavaThread "Asynchronous log dispatcher for DefaultDaemonConnection: socket connection from /127.0.0.1:50333 to /127.0.0.1:50334" [_thread_blocked, id=11260, stack(0x000000a2bf400000,0x000000a2bf500000)]
  0x000001d5c919b000 JavaThread "Stdin handler" [_thread_blocked, id=10948, stack(0x000000a2bf500000,0x000000a2bf600000)]
  0x000001d5ca6fb000 JavaThread "Daemon client event forwarder" [_thread_blocked, id=10308, stack(0x000000a2bf600000,0x000000a2bf700000)]
  0x000001d5ca6f8800 JavaThread "Cache worker for file hash cache (C:\Users\hp\.gradle\caches\7.0.2\fileHashes)" [_thread_blocked, id=2532, stack(0x000000a2bf800000,0x000000a2bf900000)]
  0x000001d5ca6fa000 JavaThread "File lock request listener" [_thread_in_native, id=11764, stack(0x000000a2bf900000,0x000000a2bfa00000)]
  0x000001d5ca6f9000 JavaThread "Cache worker for journal cache (C:\Users\hp\.gradle\caches\journal-1)" [_thread_blocked, id=21380, stack(0x000000a2bfa00000,0x000000a2bfb00000)]
  0x000001d5ca6f7800 JavaThread "Cache worker for file hash cache (D:\azhar project\Cryptok\.gradle\7.0.2\fileHashes)" [_thread_blocked, id=2268, stack(0x000000a2bd700000,0x000000a2bd800000)]
  0x000001d5ca6f6800 JavaThread "File watcher server" daemon [_thread_in_native, id=2596, stack(0x000000a2bfb00000,0x000000a2bfc00000)]
  0x000001d5ca6f5000 JavaThread "File watcher consumer" daemon [_thread_blocked, id=8712, stack(0x000000a2bfc00000,0x000000a2bfd00000)]
  0x000001d5ca6f6000 JavaThread "jar transforms" [_thread_blocked, id=6148, stack(0x000000a2bfd00000,0x000000a2bfe00000)]
  0x000001d5ca6fb800 JavaThread "jar transforms Thread 2" [_thread_blocked, id=12128, stack(0x000000a2bfe00000,0x000000a2bff00000)]
  0x000001d5cb4c7000 JavaThread "jar transforms Thread 3" [_thread_blocked, id=9364, stack(0x000000a2bff00000,0x000000a2c0000000)]
  0x000001d5cb4c9000 JavaThread "jar transforms Thread 4" [_thread_blocked, id=10828, stack(0x000000a2c0000000,0x000000a2c0100000)]
  0x000001d5cb4c9800 JavaThread "Cache worker for checksums cache (D:\azhar project\Cryptok\.gradle\checksums)" [_thread_blocked, id=9132, stack(0x000000a2c0100000,0x000000a2c0200000)]
  0x000001d5cb4ca800 JavaThread "Cache worker for cache directory md-supplier (C:\Users\hp\.gradle\caches\7.0.2\md-supplier)" [_thread_blocked, id=8380, stack(0x000000a2c0200000,0x000000a2c0300000)]
  0x000001d5cb4c5800 JavaThread "Cache worker for cache directory md-rule (C:\Users\hp\.gradle\caches\7.0.2\md-rule)" [_thread_blocked, id=20796, stack(0x000000a2c0300000,0x000000a2c0400000)]
  0x000001d5cb4c8000 JavaThread "Cache worker for execution history cache (C:\Users\hp\.gradle\caches\7.0.2\executionHistory)" [_thread_blocked, id=6540, stack(0x000000a2c0400000,0x000000a2c0500000)]
  0x000001d5cb4d1000 JavaThread "Cache worker for file content cache (C:\Users\hp\.gradle\caches\7.0.2\fileContent)" [_thread_blocked, id=7936, stack(0x000000a2c0500000,0x000000a2c0600000)]
  0x000001d5cb4cb800 JavaThread "Cache worker for dependencies-accessors (D:\azhar project\Cryptok\.gradle\7.0.2\dependencies-accessors)" [_thread_blocked, id=6496, stack(0x000000a2c0600000,0x000000a2c0700000)]
  0x000001d5cb4d2000 JavaThread "Cache worker for Build Output Cleanup Cache (D:\azhar project\Cryptok\.gradle\buildOutputCleanup)" [_thread_blocked, id=15960, stack(0x000000a2c0700000,0x000000a2c0800000)]
  0x000001d5cb4cc000 JavaThread "Build operations" [_thread_blocked, id=13164, stack(0x000000a2c0900000,0x000000a2c0a00000)]
  0x000001d5cb4d2800 JavaThread "Build operations Thread 2" [_thread_blocked, id=20888, stack(0x000000a2c0a00000,0x000000a2c0b00000)]
  0x000001d5cb4cf800 JavaThread "Build operations Thread 3" [_thread_blocked, id=20872, stack(0x000000a2c0b00000,0x000000a2c0c00000)]
  0x000001d5cb4cd000 JavaThread "Build operations Thread 4" [_thread_blocked, id=216, stack(0x000000a2c0c00000,0x000000a2c0d00000)]
  0x000001d5cb4d0000 JavaThread "Memory manager" [_thread_blocked, id=21204, stack(0x000000a2bd800000,0x000000a2bd900000)]

Other Threads:
=>0x000001d5c879d800 VMThread "VM Thread" [stack: 0x000000a2be000000,0x000000a2be100000] [id=20532]
  0x000001d5c92b6800 WatcherThread [stack: 0x000000a2bea00000,0x000000a2beb00000] [id=20244]
  0x000001d5ad162000 GCTaskThread "GC Thread#0" [stack: 0x000000a2bdb00000,0x000000a2bdc00000] [id=20504]
  0x000001d5c947e800 GCTaskThread "GC Thread#1" [stack: 0x000000a2beb00000,0x000000a2bec00000] [id=18684]
  0x000001d5c9666800 GCTaskThread "GC Thread#2" [stack: 0x000000a2bec00000,0x000000a2bed00000] [id=19332]
  0x000001d5ca0f3800 GCTaskThread "GC Thread#3" [stack: 0x000000a2bf700000,0x000000a2bf800000] [id=9496]
  0x000001d5ad1a0800 ConcurrentGCThread "G1 Main Marker" [stack: 0x000000a2bdc00000,0x000000a2bdd00000] [id=20516]
  0x000001d5ad1a2800 ConcurrentGCThread "G1 Conc#0" [stack: 0x000000a2bdd00000,0x000000a2bde00000] [id=20508]
  0x000001d5ad225800 ConcurrentGCThread "G1 Refine#0" [stack: 0x000000a2bde00000,0x000000a2bdf00000] [id=20520]
  0x000001d5c8610800 ConcurrentGCThread "G1 Young RemSet Sampling" [stack: 0x000000a2bdf00000,0x000000a2be000000] [id=20528]

Threads with active compile tasks:
C2 CompilerThread0  66330 11690 %     4       org.gradle.internal.instantiation.generator.AbstractClassGenerator::inspectType @ 107 (560 bytes)

VM state:at safepoint (normal execution)

VM Mutex/Monitor currently owned by a thread:  ([mutex/lock_event])
[0x000001d5ad147870] Threads_lock - owner thread: 0x000001d5c879d800
[0x000001d5ad1475a0] Heap_lock - owner thread: 0x000001d5c9f49800

Heap address: 0x0000000760000000, size: 2560 MB, Compressed Oops mode: Zero based, Oop shift amount: 3
Narrow klass base: 0x0000000800000000, Narrow klass shift: 0
Compressed class space size: 1073741824 Address: 0x0000000800000000

Heap:
 garbage-first heap   total 273408K, used 117990K [0x0000000760000000, 0x0000000800000000)
  region size 1024K, 6 young (6144K), 6 survivors (6144K)
 Metaspace       used 99234K, capacity 101838K, committed 101888K, reserved 1138688K
  class space    used 12651K, capacity 13522K, committed 13568K, reserved 1048576K
Heap Regions: E=young(eden), S=young(survivor), O=old, HS=humongous(starts), HC=humongous(continues), CS=collection set, F=free, A=archive, TAMS=top-at-mark-start (previous, next)
|   0|0x0000000760000000, 0x0000000760100000, 0x0000000760100000|100%| O|  |TAMS 0x0000000760100000, 0x0000000760000000| Untracked 
|   1|0x0000000760100000, 0x0000000760200000, 0x0000000760200000|100%| O|  |TAMS 0x0000000760200000, 0x0000000760100000| Untracked 
|   2|0x0000000760200000, 0x0000000760300000, 0x0000000760300000|100%| O|  |TAMS 0x0000000760300000, 0x0000000760200000| Untracked 
|   3|0x0000000760300000, 0x0000000760400000, 0x0000000760400000|100%|HS|  |TAMS 0x0000000760400000, 0x0000000760300000| Complete 
|   4|0x0000000760400000, 0x0000000760500000, 0x0000000760500000|100%|HC|  |TAMS 0x0000000760500000, 0x0000000760400000| Complete 
|   5|0x0000000760500000, 0x0000000760600000, 0x0000000760600000|100%|HC|  |TAMS 0x0000000760600000, 0x0000000760500000| Complete 
|   6|0x0000000760600000, 0x0000000760700000, 0x0000000760700000|100%| O|  |TAMS 0x0000000760700000, 0x0000000760600000| Untracked 
|   7|0x0000000760700000, 0x0000000760800000, 0x0000000760800000|100%| O|  |TAMS 0x0000000760800000, 0x0000000760700000| Untracked 
|   8|0x0000000760800000, 0x0000000760900000, 0x0000000760900000|100%| O|  |TAMS 0x0000000760900000, 0x0000000760800000| Untracked 
|   9|0x0000000760900000, 0x0000000760a00000, 0x0000000760a00000|100%| O|  |TAMS 0x0000000760a00000, 0x0000000760900000| Untracked 
|  10|0x0000000760a00000, 0x0000000760b00000, 0x0000000760b00000|100%| O|  |TAMS 0x0000000760b00000, 0x0000000760a00000| Untracked 
|  11|0x0000000760b00000, 0x0000000760c00000, 0x0000000760c00000|100%| O|  |TAMS 0x0000000760c00000, 0x0000000760b00000| Untracked 
|  12|0x0000000760c00000, 0x0000000760d00000, 0x0000000760d00000|100%| O|  |TAMS 0x0000000760d00000, 0x0000000760c00000| Untracked 
|  13|0x0000000760d00000, 0x0000000760e00000, 0x0000000760e00000|100%| O|  |TAMS 0x0000000760e00000, 0x0000000760d00000| Untracked 
|  14|0x0000000760e00000, 0x0000000760f00000, 0x0000000760f00000|100%| O|  |TAMS 0x0000000760f00000, 0x0000000760e00000| Untracked 
|  15|0x0000000760f00000, 0x0000000761000000, 0x0000000761000000|100%| O|  |TAMS 0x0000000761000000, 0x0000000760f00000| Untracked 
|  16|0x0000000761000000, 0x0000000761100000, 0x0000000761100000|100%| O|  |TAMS 0x0000000761100000, 0x0000000761000000| Untracked 
|  17|0x0000000761100000, 0x0000000761200000, 0x0000000761200000|100%|HS|  |TAMS 0x0000000761200000, 0x0000000761100000| Complete 
|  18|0x0000000761200000, 0x0000000761300000, 0x0000000761300000|100%|HC|  |TAMS 0x0000000761300000, 0x0000000761200000| Complete 
|  19|0x0000000761300000, 0x0000000761400000, 0x0000000761400000|100%|HS|  |TAMS 0x0000000761400000, 0x0000000761300000| Complete 
|  20|0x0000000761400000, 0x0000000761500000, 0x0000000761500000|100%|HC|  |TAMS 0x0000000761500000, 0x0000000761400000| Complete 
|  21|0x0000000761500000, 0x0000000761600000, 0x0000000761600000|100%|HC|  |TAMS 0x0000000761600000, 0x0000000761500000| Complete 
|  22|0x0000000761600000, 0x0000000761700000, 0x0000000761700000|100%|HS|  |TAMS 0x0000000761700000, 0x0000000761600000| Complete 
|  23|0x0000000761700000, 0x0000000761800000, 0x0000000761800000|100%|HC|  |TAMS 0x0000000761800000, 0x0000000761700000| Complete 
|  24|0x0000000761800000, 0x0000000761900000, 0x0000000761900000|100%|HC|  |TAMS 0x0000000761900000, 0x0000000761800000| Complete 
|  25|0x0000000761900000, 0x0000000761a00000, 0x0000000761a00000|100%|HC|  |TAMS 0x0000000761a00000, 0x0000000761900000| Complete 
|  26|0x0000000761a00000, 0x0000000761b00000, 0x0000000761b00000|100%|HC|  |TAMS 0x0000000761b00000, 0x0000000761a00000| Complete 
|  27|0x0000000761b00000, 0x0000000761c00000, 0x0000000761c00000|100%| O|  |TAMS 0x0000000761c00000, 0x0000000761b00000| Untracked 
|  28|0x0000000761c00000, 0x0000000761d00000, 0x0000000761d00000|100%| O|  |TAMS 0x0000000761d00000, 0x0000000761c00000| Untracked 
|  29|0x0000000761d00000, 0x0000000761e00000, 0x0000000761e00000|100%| O|  |TAMS 0x0000000761e00000, 0x0000000761d00000| Untracked 
|  30|0x0000000761e00000, 0x0000000761f00000, 0x0000000761f00000|100%| O|  |TAMS 0x0000000761f00000, 0x0000000761e00000| Untracked 
|  31|0x0000000761f00000, 0x0000000762000000, 0x0000000762000000|100%| O|  |TAMS 0x0000000762000000, 0x0000000761f00000| Untracked 
|  32|0x0000000762000000, 0x0000000762100000, 0x0000000762100000|100%|HS|  |TAMS 0x0000000762100000, 0x0000000762000000| Complete 
|  33|0x0000000762100000, 0x0000000762200000, 0x0000000762200000|100%|HC|  |TAMS 0x0000000762200000, 0x0000000762100000| Complete 
|  34|0x0000000762200000, 0x0000000762300000, 0x0000000762300000|100%|HC|  |TAMS 0x0000000762300000, 0x0000000762200000| Complete 
|  35|0x0000000762300000, 0x0000000762400000, 0x0000000762400000|100%|HC|  |TAMS 0x0000000762400000, 0x0000000762300000| Complete 
|  36|0x0000000762400000, 0x0000000762500000, 0x0000000762500000|100%|HC|  |TAMS 0x0000000762500000, 0x0000000762400000| Complete 
|  37|0x0000000762500000, 0x0000000762600000, 0x0000000762600000|100%| O|  |TAMS 0x0000000762600000, 0x0000000762500000| Untracked 
|  38|0x0000000762600000, 0x0000000762700000, 0x0000000762700000|100%| O|  |TAMS 0x0000000762700000, 0x0000000762600000| Untracked 
|  39|0x0000000762700000, 0x0000000762800000, 0x0000000762800000|100%| O|  |TAMS 0x0000000762800000, 0x0000000762700000| Untracked 
|  40|0x0000000762800000, 0x0000000762900000, 0x0000000762900000|100%| O|  |TAMS 0x0000000762900000, 0x0000000762800000| Untracked 
|  41|0x0000000762900000, 0x0000000762a00000, 0x0000000762a00000|100%| O|  |TAMS 0x0000000762a00000, 0x0000000762900000| Untracked 
|  42|0x0000000762a00000, 0x0000000762b00000, 0x0000000762b00000|100%| O|  |TAMS 0x0000000762b00000, 0x0000000762a00000| Untracked 
|  43|0x0000000762b00000, 0x0000000762c00000, 0x0000000762c00000|100%| O|  |TAMS 0x0000000762c00000, 0x0000000762b00000| Untracked 
|  44|0x0000000762c00000, 0x0000000762d00000, 0x0000000762d00000|100%| O|  |TAMS 0x0000000762d00000, 0x0000000762c00000| Untracked 
|  45|0x0000000762d00000, 0x0000000762e00000, 0x0000000762e00000|100%| O|  |TAMS 0x0000000762e00000, 0x0000000762d00000| Untracked 
|  46|0x0000000762e00000, 0x0000000762f00000, 0x0000000762f00000|100%|HS|  |TAMS 0x0000000762f00000, 0x0000000762e00000| Complete 
|  47|0x0000000762f00000, 0x0000000763000000, 0x0000000763000000|100%|HC|  |TAMS 0x0000000763000000, 0x0000000762f00000| Complete 
|  48|0x0000000763000000, 0x0000000763100000, 0x0000000763100000|100%|HC|  |TAMS 0x0000000763100000, 0x0000000763000000| Complete 
|  49|0x0000000763100000, 0x0000000763200000, 0x0000000763200000|100%| O|  |TAMS 0x0000000763200000, 0x0000000763100000| Untracked 
|  50|0x0000000763200000, 0x0000000763300000, 0x0000000763300000|100%| O|  |TAMS 0x0000000763300000, 0x0000000763200000| Untracked 
|  51|0x0000000763300000, 0x0000000763400000, 0x0000000763400000|100%| O|  |TAMS 0x0000000763400000, 0x0000000763300000| Untracked 
|  52|0x0000000763400000, 0x0000000763500000, 0x0000000763500000|100%| O|  |TAMS 0x0000000763500000, 0x0000000763400000| Untracked 
|  53|0x0000000763500000, 0x0000000763600000, 0x0000000763600000|100%| O|  |TAMS 0x0000000763600000, 0x0000000763500000| Untracked 
|  54|0x0000000763600000, 0x0000000763700000, 0x0000000763700000|100%| O|  |TAMS 0x0000000763700000, 0x0000000763600000| Untracked 
|  55|0x0000000763700000, 0x0000000763800000, 0x0000000763800000|100%| O|  |TAMS 0x0000000763800000, 0x0000000763700000| Untracked 
|  56|0x0000000763800000, 0x0000000763900000, 0x0000000763900000|100%| O|  |TAMS 0x0000000763900000, 0x0000000763800000| Untracked 
|  57|0x0000000763900000, 0x0000000763a00000, 0x0000000763a00000|100%| O|  |TAMS 0x0000000763a00000, 0x0000000763900000| Untracked 
|  58|0x0000000763a00000, 0x0000000763b00000, 0x0000000763b00000|100%| O|  |TAMS 0x0000000763b00000, 0x0000000763a00000| Untracked 
|  59|0x0000000763b00000, 0x0000000763c00000, 0x0000000763c00000|100%| O|  |TAMS 0x0000000763c00000, 0x0000000763b00000| Untracked 
|  60|0x0000000763c00000, 0x0000000763d00000, 0x0000000763d00000|100%| O|  |TAMS 0x0000000763d00000, 0x0000000763c00000| Untracked 
|  61|0x0000000763d00000, 0x0000000763e00000, 0x0000000763e00000|100%| O|  |TAMS 0x0000000763e00000, 0x0000000763d00000| Untracked 
|  62|0x0000000763e00000, 0x0000000763f00000, 0x0000000763f00000|100%| O|  |TAMS 0x0000000763f00000, 0x0000000763e00000| Untracked 
|  63|0x0000000763f00000, 0x0000000764000000, 0x0000000764000000|100%| O|  |TAMS 0x0000000764000000, 0x0000000763f00000| Untracked 
|  64|0x0000000764000000, 0x0000000764100000, 0x0000000764100000|100%| O|  |TAMS 0x0000000764100000, 0x0000000764000000| Untracked 
|  65|0x0000000764100000, 0x0000000764200000, 0x0000000764200000|100%| O|  |TAMS 0x0000000764200000, 0x0000000764100000| Untracked 
|  66|0x0000000764200000, 0x0000000764300000, 0x0000000764300000|100%| O|  |TAMS 0x0000000764300000, 0x0000000764200000| Untracked 
|  67|0x0000000764300000, 0x0000000764400000, 0x0000000764400000|100%| O|  |TAMS 0x0000000764400000, 0x0000000764300000| Untracked 
|  68|0x0000000764400000, 0x0000000764500000, 0x0000000764500000|100%|HS|  |TAMS 0x0000000764500000, 0x0000000764400000| Complete 
|  69|0x0000000764500000, 0x0000000764600000, 0x0000000764600000|100%|HS|  |TAMS 0x0000000764600000, 0x0000000764500000| Complete 
|  70|0x0000000764600000, 0x0000000764700000, 0x0000000764700000|100%| O|  |TAMS 0x0000000764700000, 0x0000000764600000| Untracked 
|  71|0x0000000764700000, 0x0000000764800000, 0x0000000764800000|100%| O|  |TAMS 0x0000000764800000, 0x0000000764700000| Untracked 
|  72|0x0000000764800000, 0x0000000764900000, 0x0000000764900000|100%| O|  |TAMS 0x0000000764900000, 0x0000000764800000| Untracked 
|  73|0x0000000764900000, 0x0000000764a00000, 0x0000000764a00000|100%| O|  |TAMS 0x0000000764a00000, 0x0000000764900000| Untracked 
|  74|0x0000000764a00000, 0x0000000764b00000, 0x0000000764b00000|100%| O|  |TAMS 0x0000000764b00000, 0x0000000764a00000| Untracked 
|  75|0x0000000764b00000, 0x0000000764c00000, 0x0000000764c00000|100%| O|  |TAMS 0x0000000764c00000, 0x0000000764b00000| Untracked 
|  76|0x0000000764c00000, 0x0000000764d00000, 0x0000000764d00000|100%| O|  |TAMS 0x0000000764d00000, 0x0000000764c00000| Untracked 
|  77|0x0000000764d00000, 0x0000000764e00000, 0x0000000764e00000|100%| O|  |TAMS 0x0000000764e00000, 0x0000000764d00000| Untracked 
|  78|0x0000000764e00000, 0x0000000764f00000, 0x0000000764f00000|100%|HS|  |TAMS 0x0000000764f00000, 0x0000000764e00000| Complete 
|  79|0x0000000764f00000, 0x0000000765000000, 0x0000000765000000|100%|HC|  |TAMS 0x0000000765000000, 0x0000000764f00000| Complete 
|  80|0x0000000765000000, 0x0000000765100000, 0x0000000765100000|100%|HC|  |TAMS 0x0000000765100000, 0x0000000765000000| Complete 
|  81|0x0000000765100000, 0x0000000765200000, 0x0000000765200000|100%|HS|  |TAMS 0x0000000765200000, 0x0000000765100000| Complete 
|  82|0x0000000765200000, 0x0000000765300000, 0x0000000765300000|100%|HC|  |TAMS 0x0000000765300000, 0x0000000765200000| Complete 
|  83|0x0000000765300000, 0x0000000765400000, 0x0000000765400000|100%| O|  |TAMS 0x0000000765400000, 0x0000000765300000| Untracked 
|  84|0x0000000765400000, 0x0000000765500000, 0x0000000765500000|100%| O|  |TAMS 0x0000000765500000, 0x0000000765400000| Untracked 
|  85|0x0000000765500000, 0x0000000765600000, 0x0000000765600000|100%| O|  |TAMS 0x0000000765600000, 0x0000000765500000| Untracked 
|  86|0x0000000765600000, 0x0000000765700000, 0x0000000765700000|100%| O|  |TAMS 0x0000000765700000, 0x0000000765600000| Untracked 
|  87|0x0000000765700000, 0x0000000765800000, 0x0000000765800000|100%| O|  |TAMS 0x0000000765800000, 0x0000000765700000| Untracked 
|  88|0x0000000765800000, 0x0000000765900000, 0x0000000765900000|100%| O|  |TAMS 0x0000000765900000, 0x0000000765800000| Untracked 
|  89|0x0000000765900000, 0x0000000765a00000, 0x0000000765a00000|100%| O|  |TAMS 0x0000000765a00000, 0x0000000765900000| Untracked 
|  90|0x0000000765a00000, 0x0000000765b00000, 0x0000000765b00000|100%| O|  |TAMS 0x0000000765b00000, 0x0000000765a00000| Untracked 
|  91|0x0000000765b00000, 0x0000000765c00000, 0x0000000765c00000|100%| O|  |TAMS 0x0000000765c00000, 0x0000000765b00000| Untracked 
|  92|0x0000000765c00000, 0x0000000765d00000, 0x0000000765d00000|100%| O|  |TAMS 0x0000000765d00000, 0x0000000765c00000| Untracked 
|  93|0x0000000765d00000, 0x0000000765e00000, 0x0000000765e00000|100%| O|  |TAMS 0x0000000765e00000, 0x0000000765d00000| Untracked 
|  94|0x0000000765e00000, 0x0000000765f00000, 0x0000000765f00000|100%| O|  |TAMS 0x0000000765f00000, 0x0000000765e00000| Untracked 
|  95|0x0000000765f00000, 0x0000000766000000, 0x0000000766000000|100%| O|  |TAMS 0x0000000766000000, 0x0000000765f00000| Untracked 
|  96|0x0000000766000000, 0x0000000766100000, 0x0000000766100000|100%| O|  |TAMS 0x0000000766100000, 0x0000000766000000| Untracked 
|  97|0x0000000766100000, 0x0000000766200000, 0x0000000766200000|100%| O|  |TAMS 0x0000000766200000, 0x0000000766100000| Untracked 
|  98|0x0000000766200000, 0x0000000766300000, 0x0000000766300000|100%| O|  |TAMS 0x0000000766300000, 0x0000000766200000| Untracked 
|  99|0x0000000766300000, 0x0000000766400000, 0x0000000766400000|100%| O|  |TAMS 0x0000000766400000, 0x0000000766300000| Untracked 
| 100|0x0000000766400000, 0x0000000766500000, 0x0000000766500000|100%| O|  |TAMS 0x0000000766500000, 0x0000000766400000| Untracked 
| 101|0x0000000766500000, 0x0000000766600000, 0x0000000766600000|100%| O|  |TAMS 0x0000000766600000, 0x0000000766500000| Untracked 
| 102|0x0000000766600000, 0x0000000766700000, 0x0000000766700000|100%| O|  |TAMS 0x0000000766700000, 0x0000000766600000| Untracked 
| 103|0x0000000766700000, 0x0000000766800000, 0x0000000766800000|100%| O|  |TAMS 0x0000000766800000, 0x0000000766700000| Untracked 
| 104|0x0000000766800000, 0x0000000766900000, 0x0000000766900000|100%| O|  |TAMS 0x0000000766900000, 0x0000000766800000| Untracked 
| 105|0x0000000766900000, 0x0000000766900000, 0x0000000766a00000|  0%| F|  |TAMS 0x0000000766900000, 0x0000000766900000| Untracked 
| 106|0x0000000766a00000, 0x0000000766b00000, 0x0000000766b00000|100%| O|  |TAMS 0x0000000766a00000, 0x0000000766a00000| Untracked 
| 107|0x0000000766b00000, 0x0000000766c00000, 0x0000000766c00000|100%| O|  |TAMS 0x0000000766b00000, 0x0000000766b00000| Untracked 
| 108|0x0000000766c00000, 0x0000000766d00000, 0x0000000766d00000|100%| O|  |TAMS 0x0000000766c00000, 0x0000000766c00000| Untracked 
| 109|0x0000000766d00000, 0x0000000766e00000, 0x0000000766e00000|100%| O|  |TAMS 0x0000000766d00000, 0x0000000766d00000| Untracked 
| 110|0x0000000766e00000, 0x0000000766ea0400, 0x0000000766f00000| 62%| O|  |TAMS 0x0000000766e00000, 0x0000000766e00000| Untracked 
| 111|0x0000000766f00000, 0x0000000766f00000, 0x0000000767000000|  0%| F|  |TAMS 0x0000000766f00000, 0x0000000766f00000| Untracked 
| 112|0x0000000767000000, 0x0000000767000000, 0x0000000767100000|  0%| F|  |TAMS 0x0000000767000000, 0x0000000767000000| Untracked 
| 113|0x0000000767100000, 0x0000000767100000, 0x0000000767200000|  0%| F|  |TAMS 0x0000000767100000, 0x0000000767100000| Untracked 
| 114|0x0000000767200000, 0x0000000767200000, 0x0000000767300000|  0%| F|  |TAMS 0x0000000767200000, 0x0000000767200000| Untracked 
| 115|0x0000000767300000, 0x0000000767300000, 0x0000000767400000|  0%| F|  |TAMS 0x0000000767300000, 0x0000000767300000| Untracked 
| 116|0x0000000767400000, 0x0000000767400000, 0x0000000767500000|  0%| F|  |TAMS 0x0000000767400000, 0x0000000767400000| Untracked 
| 117|0x0000000767500000, 0x0000000767500000, 0x0000000767600000|  0%| F|  |TAMS 0x0000000767500000, 0x0000000767500000| Untracked 
| 118|0x0000000767600000, 0x0000000767600000, 0x0000000767700000|  0%| F|  |TAMS 0x0000000767600000, 0x0000000767600000| Untracked 
| 119|0x0000000767700000, 0x0000000767700000, 0x0000000767800000|  0%| F|  |TAMS 0x0000000767700000, 0x0000000767700000| Untracked 
| 120|0x0000000767800000, 0x0000000767800000, 0x0000000767900000|  0%| F|  |TAMS 0x0000000767800000, 0x0000000767800000| Untracked 
| 121|0x0000000767900000, 0x0000000767900000, 0x0000000767a00000|  0%| F|  |TAMS 0x0000000767900000, 0x0000000767900000| Untracked 
| 122|0x0000000767a00000, 0x0000000767a00000, 0x0000000767b00000|  0%| F|  |TAMS 0x0000000767a00000, 0x0000000767a00000| Untracked 
| 123|0x0000000767b00000, 0x0000000767b00000, 0x0000000767c00000|  0%| F|  |TAMS 0x0000000767b00000, 0x0000000767b00000| Untracked 
| 124|0x0000000767c00000, 0x0000000767c00000, 0x0000000767d00000|  0%| F|  |TAMS 0x0000000767c00000, 0x0000000767c00000| Untracked 
| 125|0x0000000767d00000, 0x0000000767d00000, 0x0000000767e00000|  0%| F|  |TAMS 0x0000000767d00000, 0x0000000767d00000| Untracked 
| 126|0x0000000767e00000, 0x0000000767e00000, 0x0000000767f00000|  0%| F|  |TAMS 0x0000000767e00000, 0x0000000767e00000| Untracked 
| 127|0x0000000767f00000, 0x0000000767f00000, 0x0000000768000000|  0%| F|  |TAMS 0x0000000767f00000, 0x0000000767f00000| Untracked 
| 128|0x0000000768000000, 0x0000000768000000, 0x0000000768100000|  0%| F|  |TAMS 0x0000000768000000, 0x0000000768000000| Untracked 
| 129|0x0000000768100000, 0x0000000768100000, 0x0000000768200000|  0%| F|  |TAMS 0x0000000768100000, 0x0000000768100000| Untracked 
| 130|0x0000000768200000, 0x0000000768200000, 0x0000000768300000|  0%| F|  |TAMS 0x0000000768200000, 0x0000000768200000| Untracked 
| 131|0x0000000768300000, 0x0000000768300000, 0x0000000768400000|  0%| F|  |TAMS 0x0000000768300000, 0x0000000768300000| Untracked 
| 132|0x0000000768400000, 0x0000000768400000, 0x0000000768500000|  0%| F|  |TAMS 0x0000000768400000, 0x0000000768400000| Untracked 
| 133|0x0000000768500000, 0x0000000768500000, 0x0000000768600000|  0%| F|  |TAMS 0x0000000768500000, 0x0000000768500000| Untracked 
| 134|0x0000000768600000, 0x0000000768600000, 0x0000000768700000|  0%| F|  |TAMS 0x0000000768600000, 0x0000000768600000| Untracked 
| 135|0x0000000768700000, 0x0000000768700000, 0x0000000768800000|  0%| F|  |TAMS 0x0000000768700000, 0x0000000768700000| Untracked 
| 136|0x0000000768800000, 0x0000000768800000, 0x0000000768900000|  0%| F|  |TAMS 0x0000000768800000, 0x0000000768800000| Untracked 
| 137|0x0000000768900000, 0x0000000768900000, 0x0000000768a00000|  0%| F|  |TAMS 0x0000000768900000, 0x0000000768900000| Untracked 
| 138|0x0000000768a00000, 0x0000000768a00000, 0x0000000768b00000|  0%| F|  |TAMS 0x0000000768a00000, 0x0000000768a00000| Untracked 
| 139|0x0000000768b00000, 0x0000000768b00000, 0x0000000768c00000|  0%| F|  |TAMS 0x0000000768b00000, 0x0000000768b00000| Untracked 
| 140|0x0000000768c00000, 0x0000000768c99540, 0x0000000768d00000| 59%| S|CS|TAMS 0x0000000768c00000, 0x0000000768c00000| Complete 
| 141|0x0000000768d00000, 0x0000000768e00000, 0x0000000768e00000|100%| S|CS|TAMS 0x0000000768d00000, 0x0000000768d00000| Complete 
| 142|0x0000000768e00000, 0x0000000768f00000, 0x0000000768f00000|100%| S|CS|TAMS 0x0000000768e00000, 0x0000000768e00000| Complete 
| 143|0x0000000768f00000, 0x0000000769000000, 0x0000000769000000|100%| S|CS|TAMS 0x0000000768f00000, 0x0000000768f00000| Complete 
| 144|0x0000000769000000, 0x0000000769100000, 0x0000000769100000|100%| S|CS|TAMS 0x0000000769000000, 0x0000000769000000| Complete 
| 145|0x0000000769100000, 0x0000000769200000, 0x0000000769200000|100%| S|CS|TAMS 0x0000000769100000, 0x0000000769100000| Complete 
| 146|0x0000000769200000, 0x0000000769200000, 0x0000000769300000|  0%| F|  |TAMS 0x0000000769200000, 0x0000000769200000| Untracked 
| 147|0x0000000769300000, 0x0000000769300000, 0x0000000769400000|  0%| F|  |TAMS 0x0000000769300000, 0x0000000769300000| Untracked 
| 148|0x0000000769400000, 0x0000000769400000, 0x0000000769500000|  0%| F|  |TAMS 0x0000000769400000, 0x0000000769400000| Untracked 
| 149|0x0000000769500000, 0x0000000769500000, 0x0000000769600000|  0%| F|  |TAMS 0x0000000769500000, 0x0000000769500000| Untracked 
| 150|0x0000000769600000, 0x0000000769600000, 0x0000000769700000|  0%| F|  |TAMS 0x0000000769600000, 0x0000000769600000| Untracked 
| 151|0x0000000769700000, 0x0000000769700000, 0x0000000769800000|  0%| F|  |TAMS 0x0000000769700000, 0x0000000769700000| Untracked 
| 152|0x0000000769800000, 0x0000000769800000, 0x0000000769900000|  0%| F|  |TAMS 0x0000000769800000, 0x0000000769800000| Untracked 
| 153|0x0000000769900000, 0x0000000769900000, 0x0000000769a00000|  0%| F|  |TAMS 0x0000000769900000, 0x0000000769900000| Untracked 
| 154|0x0000000769a00000, 0x0000000769a00000, 0x0000000769b00000|  0%| F|  |TAMS 0x0000000769a00000, 0x0000000769a00000| Untracked 
| 155|0x0000000769b00000, 0x0000000769b00000, 0x0000000769c00000|  0%| F|  |TAMS 0x0000000769b00000, 0x0000000769b00000| Untracked 
| 156|0x0000000769c00000, 0x0000000769c00000, 0x0000000769d00000|  0%| F|  |TAMS 0x0000000769c00000, 0x0000000769c00000| Untracked 
| 157|0x0000000769d00000, 0x0000000769d00000, 0x0000000769e00000|  0%| F|  |TAMS 0x0000000769d00000, 0x0000000769d00000| Untracked 
| 158|0x0000000769e00000, 0x0000000769e00000, 0x0000000769f00000|  0%| F|  |TAMS 0x0000000769e00000, 0x0000000769e00000| Untracked 
| 159|0x0000000769f00000, 0x0000000769f00000, 0x000000076a000000|  0%| F|  |TAMS 0x0000000769f00000, 0x0000000769f00000| Untracked 
| 160|0x000000076a000000, 0x000000076a000000, 0x000000076a100000|  0%| F|  |TAMS 0x000000076a000000, 0x000000076a000000| Untracked 
| 161|0x000000076a100000, 0x000000076a100000, 0x000000076a200000|  0%| F|  |TAMS 0x000000076a100000, 0x000000076a100000| Untracked 
| 162|0x000000076a200000, 0x000000076a200000, 0x000000076a300000|  0%| F|  |TAMS 0x000000076a200000, 0x000000076a200000| Untracked 
| 163|0x000000076a300000, 0x000000076a300000, 0x000000076a400000|  0%| F|  |TAMS 0x000000076a300000, 0x000000076a300000| Untracked 
| 164|0x000000076a400000, 0x000000076a400000, 0x000000076a500000|  0%| F|  |TAMS 0x000000076a400000, 0x000000076a400000| Untracked 
| 165|0x000000076a500000, 0x000000076a500000, 0x000000076a600000|  0%| F|  |TAMS 0x000000076a500000, 0x000000076a500000| Untracked 
| 166|0x000000076a600000, 0x000000076a600000, 0x000000076a700000|  0%| F|  |TAMS 0x000000076a600000, 0x000000076a600000| Untracked 
| 167|0x000000076a700000, 0x000000076a700000, 0x000000076a800000|  0%| F|  |TAMS 0x000000076a700000, 0x000000076a700000| Untracked 
| 168|0x000000076a800000, 0x000000076a800000, 0x000000076a900000|  0%| F|  |TAMS 0x000000076a800000, 0x000000076a800000| Untracked 
| 169|0x000000076a900000, 0x000000076a900000, 0x000000076aa00000|  0%| F|  |TAMS 0x000000076a900000, 0x000000076a900000| Untracked 
| 170|0x000000076aa00000, 0x000000076aa00000, 0x000000076ab00000|  0%| F|  |TAMS 0x000000076aa00000, 0x000000076aa00000| Untracked 
| 171|0x000000076ab00000, 0x000000076ab00000, 0x000000076ac00000|  0%| F|  |TAMS 0x000000076ab00000, 0x000000076ab00000| Untracked 
| 172|0x000000076ac00000, 0x000000076ac00000, 0x000000076ad00000|  0%| F|  |TAMS 0x000000076ac00000, 0x000000076ac00000| Untracked 
| 173|0x000000076ad00000, 0x000000076ad00000, 0x000000076ae00000|  0%| F|  |TAMS 0x000000076ad00000, 0x000000076ad00000| Untracked 
| 174|0x000000076ae00000, 0x000000076ae00000, 0x000000076af00000|  0%| F|  |TAMS 0x000000076ae00000, 0x000000076ae00000| Untracked 
| 175|0x000000076af00000, 0x000000076af00000, 0x000000076b000000|  0%| F|  |TAMS 0x000000076af00000, 0x000000076af00000| Untracked 
| 176|0x000000076b000000, 0x000000076b000000, 0x000000076b100000|  0%| F|  |TAMS 0x000000076b000000, 0x000000076b000000| Untracked 
| 177|0x000000076b100000, 0x000000076b100000, 0x000000076b200000|  0%| F|  |TAMS 0x000000076b100000, 0x000000076b100000| Untracked 
| 178|0x000000076b200000, 0x000000076b200000, 0x000000076b300000|  0%| F|  |TAMS 0x000000076b200000, 0x000000076b200000| Untracked 
| 179|0x000000076b300000, 0x000000076b300000, 0x000000076b400000|  0%| F|  |TAMS 0x000000076b300000, 0x000000076b300000| Untracked 
| 180|0x000000076b400000, 0x000000076b400000, 0x000000076b500000|  0%| F|  |TAMS 0x000000076b400000, 0x000000076b400000| Untracked 
| 181|0x000000076b500000, 0x000000076b500000, 0x000000076b600000|  0%| F|  |TAMS 0x000000076b500000, 0x000000076b500000| Untracked 
| 182|0x000000076b600000, 0x000000076b600000, 0x000000076b700000|  0%| F|  |TAMS 0x000000076b600000, 0x000000076b600000| Untracked 
| 183|0x000000076b700000, 0x000000076b700000, 0x000000076b800000|  0%| F|  |TAMS 0x000000076b700000, 0x000000076b700000| Untracked 
| 184|0x000000076b800000, 0x000000076b800000, 0x000000076b900000|  0%| F|  |TAMS 0x000000076b800000, 0x000000076b800000| Untracked 
| 185|0x000000076b900000, 0x000000076b900000, 0x000000076ba00000|  0%| F|  |TAMS 0x000000076b900000, 0x000000076b900000| Untracked 
| 186|0x000000076ba00000, 0x000000076ba00000, 0x000000076bb00000|  0%| F|  |TAMS 0x000000076ba00000, 0x000000076ba00000| Untracked 
| 187|0x000000076bb00000, 0x000000076bb00000, 0x000000076bc00000|  0%| F|  |TAMS 0x000000076bb00000, 0x000000076bb00000| Untracked 
| 188|0x000000076bc00000, 0x000000076bc00000, 0x000000076bd00000|  0%| F|  |TAMS 0x000000076bc00000, 0x000000076bc00000| Untracked 
| 189|0x000000076bd00000, 0x000000076bd00000, 0x000000076be00000|  0%| F|  |TAMS 0x000000076bd00000, 0x000000076bd00000| Untracked 
| 190|0x000000076be00000, 0x000000076be00000, 0x000000076bf00000|  0%| F|  |TAMS 0x000000076be00000, 0x000000076be00000| Untracked 
| 191|0x000000076bf00000, 0x000000076bf00000, 0x000000076c000000|  0%| F|  |TAMS 0x000000076bf00000, 0x000000076bf00000| Untracked 
| 192|0x000000076c000000, 0x000000076c000000, 0x000000076c100000|  0%| F|  |TAMS 0x000000076c000000, 0x000000076c000000| Untracked 
| 193|0x000000076c100000, 0x000000076c100000, 0x000000076c200000|  0%| F|  |TAMS 0x000000076c100000, 0x000000076c100000| Untracked 
| 194|0x000000076c200000, 0x000000076c200000, 0x000000076c300000|  0%| F|  |TAMS 0x000000076c200000, 0x000000076c200000| Untracked 
| 195|0x000000076c300000, 0x000000076c300000, 0x000000076c400000|  0%| F|  |TAMS 0x000000076c300000, 0x000000076c300000| Untracked 
| 196|0x000000076c400000, 0x000000076c400000, 0x000000076c500000|  0%| F|  |TAMS 0x000000076c400000, 0x000000076c400000| Untracked 
| 197|0x000000076c500000, 0x000000076c500000, 0x000000076c600000|  0%| F|  |TAMS 0x000000076c500000, 0x000000076c500000| Untracked 
| 198|0x000000076c600000, 0x000000076c600000, 0x000000076c700000|  0%| F|  |TAMS 0x000000076c600000, 0x000000076c600000| Untracked 
| 199|0x000000076c700000, 0x000000076c700000, 0x000000076c800000|  0%| F|  |TAMS 0x000000076c700000, 0x000000076c700000| Untracked 
| 200|0x000000076c800000, 0x000000076c800000, 0x000000076c900000|  0%| F|  |TAMS 0x000000076c800000, 0x000000076c800000| Untracked 
| 201|0x000000076c900000, 0x000000076c900000, 0x000000076ca00000|  0%| F|  |TAMS 0x000000076c900000, 0x000000076c900000| Untracked 
| 202|0x000000076ca00000, 0x000000076ca00000, 0x000000076cb00000|  0%| F|  |TAMS 0x000000076ca00000, 0x000000076ca00000| Untracked 
| 203|0x000000076cb00000, 0x000000076cb00000, 0x000000076cc00000|  0%| F|  |TAMS 0x000000076cb00000, 0x000000076cb00000| Untracked 
| 204|0x000000076cc00000, 0x000000076cc00000, 0x000000076cd00000|  0%| F|  |TAMS 0x000000076cc00000, 0x000000076cc00000| Untracked 
| 205|0x000000076cd00000, 0x000000076cd00000, 0x000000076ce00000|  0%| F|  |TAMS 0x000000076cd00000, 0x000000076cd00000| Untracked 
| 206|0x000000076ce00000, 0x000000076ce00000, 0x000000076cf00000|  0%| F|  |TAMS 0x000000076ce00000, 0x000000076ce00000| Untracked 
| 207|0x000000076cf00000, 0x000000076cf00000, 0x000000076d000000|  0%| F|  |TAMS 0x000000076cf00000, 0x000000076cf00000| Untracked 
| 208|0x000000076d000000, 0x000000076d000000, 0x000000076d100000|  0%| F|  |TAMS 0x000000076d000000, 0x000000076d000000| Untracked 
| 209|0x000000076d100000, 0x000000076d100000, 0x000000076d200000|  0%| F|  |TAMS 0x000000076d100000, 0x000000076d100000| Untracked 
| 210|0x000000076d200000, 0x000000076d200000, 0x000000076d300000|  0%| F|  |TAMS 0x000000076d200000, 0x000000076d200000| Untracked 
| 211|0x000000076d300000, 0x000000076d300000, 0x000000076d400000|  0%| F|  |TAMS 0x000000076d300000, 0x000000076d300000| Untracked 
| 212|0x000000076d400000, 0x000000076d400000, 0x000000076d500000|  0%| F|  |TAMS 0x000000076d400000, 0x000000076d400000| Untracked 
| 213|0x000000076d500000, 0x000000076d500000, 0x000000076d600000|  0%| F|  |TAMS 0x000000076d500000, 0x000000076d500000| Untracked 
| 214|0x000000076d600000, 0x000000076d600000, 0x000000076d700000|  0%| F|  |TAMS 0x000000076d600000, 0x000000076d600000| Untracked 
| 215|0x000000076d700000, 0x000000076d700000, 0x000000076d800000|  0%| F|  |TAMS 0x000000076d700000, 0x000000076d700000| Untracked 
| 216|0x000000076d800000, 0x000000076d800000, 0x000000076d900000|  0%| F|  |TAMS 0x000000076d800000, 0x000000076d800000| Untracked 
| 217|0x000000076d900000, 0x000000076d900000, 0x000000076da00000|  0%| F|  |TAMS 0x000000076d900000, 0x000000076d900000| Untracked 
| 218|0x000000076da00000, 0x000000076da00000, 0x000000076db00000|  0%| F|  |TAMS 0x000000076da00000, 0x000000076da00000| Untracked 
| 219|0x000000076db00000, 0x000000076db00000, 0x000000076dc00000|  0%| F|  |TAMS 0x000000076db00000, 0x000000076db00000| Untracked 
| 220|0x000000076dc00000, 0x000000076dc00000, 0x000000076dd00000|  0%| F|  |TAMS 0x000000076dc00000, 0x000000076dc00000| Untracked 
| 221|0x000000076dd00000, 0x000000076dd00000, 0x000000076de00000|  0%| F|  |TAMS 0x000000076dd00000, 0x000000076dd00000| Untracked 

Card table byte_map: [0x000001d5c0760000,0x000001d5c0c60000] _byte_map_base: 0x000001d5bcc60000

Marking Bits (Prev, Next): (CMBitMap*) 0x000001d5ad1958a0, (CMBitMap*) 0x000001d5ad195868
 Prev Bits: [0x000001d5c3960000, 0x000001d5c6160000)
 Next Bits: [0x000001d5c1160000, 0x000001d5c3960000)

Polling page: 0x000001d5ab830000

Metaspace:

Usage:
  Non-class:     86.25 MB capacity,    84.55 MB ( 98%) used,     1.44 MB (  2%) free+waste,   255.69 KB ( <1%) overhead. 
      Class:     13.21 MB capacity,    12.35 MB ( 94%) used,   753.28 KB (  6%) free+waste,   117.63 KB ( <1%) overhead. 
       Both:     99.45 MB capacity,    96.91 MB ( 97%) used,     2.18 MB (  2%) free+waste,   373.31 KB ( <1%) overhead. 

Virtual space:
  Non-class space:       88.00 MB reserved,      86.25 MB ( 98%) committed 
      Class space:        1.00 GB reserved,      13.25 MB (  1%) committed 
             Both:        1.09 GB reserved,      99.50 MB (  9%) committed 

Chunk freelists:
   Non-Class:  4.00 KB
       Class:  14.00 KB
        Both:  18.00 KB

MaxMetaspaceSize: 17179869184.00 GB
CompressedClassSpaceSize: 1.00 GB

CodeHeap 'non-profiled nmethods': size=120064Kb used=8060Kb max_used=8060Kb free=112003Kb
 bounds [0x000001d5b8700000, 0x000001d5b8ee0000, 0x000001d5bfc40000]
CodeHeap 'profiled nmethods': size=120000Kb used=26725Kb max_used=26725Kb free=93274Kb
 bounds [0x000001d5b11d0000, 0x000001d5b2bf0000, 0x000001d5b8700000]
CodeHeap 'non-nmethods': size=5696Kb used=2333Kb max_used=2374Kb free=3362Kb
 bounds [0x000001d5b0c40000, 0x000001d5b0eb0000, 0x000001d5b11d0000]
 total_blobs=12743 nmethods=11812 adapters=841
 compilation: enabled
              stopped_count=0, restarted_count=0
 full_count=0

Compilation events (20 events):
Event: 66.113 Thread 0x000001d5c914f000 11951       2       org.gradle.api.internal.artifacts.ivyservice.resolveengine.graph.builder.ResolveState$SelectorCacheKey::<init> (20 bytes)
Event: 66.113 Thread 0x000001d5c914f000 nmethod 11951 0x000001d5b2be4b90 code [0x000001d5b2be4d40, 0x000001d5b2be4e98]
Event: 66.113 Thread 0x000001d5c914f000 11952       2       org.gradle.api.internal.artifacts.ivyservice.resolveengine.graph.builder.ResolveState$$Lambda$584/0x000000080072b040::get$Lambda (11 bytes)
Event: 66.114 Thread 0x000001d5c914f000 nmethod 11952 0x000001d5b2be4f10 code [0x000001d5b2be50c0, 0x000001d5b2be52d8]
Event: 66.114 Thread 0x000001d5c914f000 11953       2       org.gradle.api.internal.artifacts.ivyservice.resolveengine.graph.builder.ResolveState$$Lambda$584/0x000000080072b040::<init> (20 bytes)
Event: 66.114 Thread 0x000001d5c914f000 nmethod 11953 0x000001d5b2be5390 code [0x000001d5b2be5540, 0x000001d5b2be5718]
Event: 66.152 Thread 0x000001d5c914f000 11954       1       org.gradle.internal.action.DefaultConfigurableRules::getConfigurableRules (5 bytes)
Event: 66.152 Thread 0x000001d5c914f000 nmethod 11954 0x000001d5b8edf090 code [0x000001d5b8edf240, 0x000001d5b8edf2f8]
Event: 66.176 Thread 0x000001d5c914f000 11955       2       org.gradle.api.internal.artifacts.ivyservice.modulecache.ModuleMetadataSerializer$Reader::readMavenDependencyExcludes (68 bytes)
Event: 66.176 Thread 0x000001d5c914f000 nmethod 11955 0x000001d5b2be5790 code [0x000001d5b2be59e0, 0x000001d5b2be6158]
Event: 66.209 Thread 0x000001d5c914f000 11956       2       org.gradle.api.internal.artifacts.ivyservice.ivyresolve.ErrorHandlingModuleComponentRepository$ErrorHandlingModuleComponentRepositoryAccess::estimateMetadataFetchingCost (11 bytes)
Event: 66.210 Thread 0x000001d5c914f000 nmethod 11956 0x000001d5b2be6590 code [0x000001d5b2be6740, 0x000001d5b2be6868]
Event: 66.210 Thread 0x000001d5c914f000 11957       2       org.gradle.api.internal.artifacts.ivyservice.ivyresolve.CachingModuleComponentRepository$LocateInCacheRepositoryAccess::estimateMetadataFetchingCost (186 bytes)
Event: 66.211 Thread 0x000001d5c914f000 nmethod 11957 0x000001d5b2be6910 code [0x000001d5b2be6ce0, 0x000001d5b2be7ce8]
Event: 66.213 Thread 0x000001d5c914f000 11958       2       org.gradle.api.internal.artifacts.repositories.resolver.MetadataFetchingCost::isFast (13 bytes)
Event: 66.214 Thread 0x000001d5c914f000 nmethod 11958 0x000001d5b2be8710 code [0x000001d5b2be88c0, 0x000001d5b2be89d8]
Event: 66.228 Thread 0x000001d5c914f000 11959       2       org.gradle.internal.snapshot.impl.IsolatedArray::isolate (5 bytes)
Event: 66.228 Thread 0x000001d5c914f000 nmethod 11959 0x000001d5b2be8a90 code [0x000001d5b2be8c40, 0x000001d5b2be8d48]
Event: 66.228 Thread 0x000001d5c914f000 11960       2       org.gradle.internal.snapshot.impl.IsolatedArray::isolate (60 bytes)
Event: 66.229 Thread 0x000001d5c914f000 nmethod 11960 0x000001d5b2be8e10 code [0x000001d5b2be9020, 0x000001d5b2be9428]

GC Heap History (20 events):
Event: 58.575 GC heap after
{Heap after GC invocations=82 (full 0):
 garbage-first heap   total 227328K, used 79819K [0x0000000760000000, 0x0000000800000000)
  region size 1024K, 4 young (4096K), 4 survivors (4096K)
 Metaspace       used 64566K, capacity 66299K, committed 66560K, reserved 1107968K
  class space    used 8083K, capacity 8651K, committed 8704K, reserved 1048576K
}
Event: 58.839 GC heap before
{Heap before GC invocations=82 (full 0):
 garbage-first heap   total 227328K, used 178123K [0x0000000760000000, 0x0000000800000000)
  region size 1024K, 100 young (102400K), 4 survivors (4096K)
 Metaspace       used 64566K, capacity 66299K, committed 66560K, reserved 1107968K
  class space    used 8083K, capacity 8651K, committed 8704K, reserved 1048576K
}
Event: 58.842 GC heap after
{Heap after GC invocations=83 (full 0):
 garbage-first heap   total 227328K, used 81097K [0x0000000760000000, 0x0000000800000000)
  region size 1024K, 5 young (5120K), 5 survivors (5120K)
 Metaspace       used 64566K, capacity 66299K, committed 66560K, reserved 1107968K
  class space    used 8083K, capacity 8651K, committed 8704K, reserved 1048576K
}
Event: 59.352 GC heap before
{Heap before GC invocations=83 (full 0):
 garbage-first heap   total 227328K, used 188617K [0x0000000760000000, 0x0000000800000000)
  region size 1024K, 110 young (112640K), 5 survivors (5120K)
 Metaspace       used 64566K, capacity 66299K, committed 66560K, reserved 1107968K
  class space    used 8083K, capacity 8651K, committed 8704K, reserved 1048576K
}
Event: 59.357 GC heap after
{Heap after GC invocations=84 (full 0):
 garbage-first heap   total 227328K, used 82340K [0x0000000760000000, 0x0000000800000000)
  region size 1024K, 6 young (6144K), 6 survivors (6144K)
 Metaspace       used 64566K, capacity 66299K, committed 66560K, reserved 1107968K
  class space    used 8083K, capacity 8651K, committed 8704K, reserved 1048576K
}
Event: 59.984 GC heap before
{Heap before GC invocations=84 (full 0):
 garbage-first heap   total 227328K, used 197028K [0x0000000760000000, 0x0000000800000000)
  region size 1024K, 112 young (114688K), 6 survivors (6144K)
 Metaspace       used 64925K, capacity 66845K, committed 66944K, reserved 1107968K
  class space    used 8142K, capacity 8766K, committed 8832K, reserved 1048576K
}
Event: 59.989 GC heap after
{Heap after GC invocations=85 (full 0):
 garbage-first heap   total 227328K, used 90789K [0x0000000760000000, 0x0000000800000000)
  region size 1024K, 10 young (10240K), 10 survivors (10240K)
 Metaspace       used 64925K, capacity 66845K, committed 66944K, reserved 1107968K
  class space    used 8142K, capacity 8766K, committed 8832K, reserved 1048576K
}
Event: 60.192 GC heap before
{Heap before GC invocations=85 (full 0):
 garbage-first heap   total 227328K, used 188069K [0x0000000760000000, 0x0000000800000000)
  region size 1024K, 105 young (107520K), 10 survivors (10240K)
 Metaspace       used 65121K, capacity 67040K, committed 67200K, reserved 1107968K
  class space    used 8143K, capacity 8766K, committed 8832K, reserved 1048576K
}
Event: 60.196 GC heap after
{Heap after GC invocations=86 (full 0):
 garbage-first heap   total 227328K, used 90772K [0x0000000760000000, 0x0000000800000000)
  region size 1024K, 1 young (1024K), 1 survivors (1024K)
 Metaspace       used 65121K, capacity 67040K, committed 67200K, reserved 1107968K
  class space    used 8143K, capacity 8766K, committed 8832K, reserved 1048576K
}
Event: 61.719 GC heap before
{Heap before GC invocations=86 (full 0):
 garbage-first heap   total 227328K, used 190100K [0x0000000760000000, 0x0000000800000000)
  region size 1024K, 99 young (101376K), 1 survivors (1024K)
 Metaspace       used 76246K, capacity 78462K, committed 78720K, reserved 1118208K
  class space    used 9535K, capacity 10279K, committed 10368K, reserved 1048576K
}
Event: 61.725 GC heap after
{Heap after GC invocations=87 (full 0):
 garbage-first heap   total 227328K, used 94868K [0x0000000760000000, 0x0000000800000000)
  region size 1024K, 5 young (5120K), 5 survivors (5120K)
 Metaspace       used 76246K, capacity 78462K, committed 78720K, reserved 1118208K
  class space    used 9535K, capacity 10279K, committed 10368K, reserved 1048576K
}
Event: 62.399 GC heap before
{Heap before GC invocations=87 (full 0):
 garbage-first heap   total 227328K, used 191124K [0x0000000760000000, 0x0000000800000000)
  region size 1024K, 98 young (100352K), 5 survivors (5120K)
 Metaspace       used 80040K, capacity 82338K, committed 82560K, reserved 1120256K
  class space    used 10055K, capacity 10859K, committed 10880K, reserved 1048576K
}
Event: 62.411 GC heap after
{Heap after GC invocations=88 (full 0):
 garbage-first heap   total 227328K, used 102653K [0x0000000760000000, 0x0000000800000000)
  region size 1024K, 13 young (13312K), 13 survivors (13312K)
 Metaspace       used 80040K, capacity 82338K, committed 82560K, reserved 1120256K
  class space    used 10055K, capacity 10859K, committed 10880K, reserved 1048576K
}
Event: 63.144 GC heap before
{Heap before GC invocations=88 (full 0):
 garbage-first heap   total 227328K, used 187645K [0x0000000760000000, 0x0000000800000000)
  region size 1024K, 96 young (98304K), 13 survivors (13312K)
 Metaspace       used 85655K, capacity 88012K, committed 88192K, reserved 1126400K
  class space    used 10949K, capacity 11804K, committed 11904K, reserved 1048576K
}
Event: 63.157 GC heap after
{Heap after GC invocations=89 (full 0):
 garbage-first heap   total 227328K, used 108539K [0x0000000760000000, 0x0000000800000000)
  region size 1024K, 6 young (6144K), 6 survivors (6144K)
 Metaspace       used 85655K, capacity 88012K, committed 88192K, reserved 1126400K
  class space    used 10949K, capacity 11804K, committed 11904K, reserved 1048576K
}
Event: 64.860 GC heap before
{Heap before GC invocations=89 (full 0):
 garbage-first heap   total 227328K, used 188411K [0x0000000760000000, 0x0000000800000000)
  region size 1024K, 84 young (86016K), 6 survivors (6144K)
 Metaspace       used 90480K, capacity 93085K, committed 93184K, reserved 1130496K
  class space    used 11611K, capacity 12503K, committed 12544K, reserved 1048576K
}
Event: 64.872 GC heap after
{Heap after GC invocations=90 (full 0):
 garbage-first heap   total 227328K, used 112249K [0x0000000760000000, 0x0000000800000000)
  region size 1024K, 10 young (10240K), 10 survivors (10240K)
 Metaspace       used 90480K, capacity 93085K, committed 93184K, reserved 1130496K
  class space    used 11611K, capacity 12503K, committed 12544K, reserved 1048576K
}
Event: 65.084 GC heap before
{Heap before GC invocations=91 (full 0):
 garbage-first heap   total 227328K, used 132729K [0x0000000760000000, 0x0000000800000000)
  region size 1024K, 31 young (31744K), 10 survivors (10240K)
 Metaspace       used 91677K, capacity 94171K, committed 94336K, reserved 1130496K
  class space    used 11726K, capacity 12584K, committed 12672K, reserved 1048576K
}
Event: 65.094 GC heap after
{Heap after GC invocations=92 (full 0):
 garbage-first heap   total 227328K, used 114688K [0x0000000760000000, 0x0000000800000000)
  region size 1024K, 7 young (7168K), 7 survivors (7168K)
 Metaspace       used 91677K, capacity 94171K, committed 94336K, reserved 1130496K
  class space    used 11726K, capacity 12584K, committed 12672K, reserved 1048576K
}
Event: 66.234 GC heap before
{Heap before GC invocations=93 (full 0):
 garbage-first heap   total 227328K, used 186368K [0x0000000760000000, 0x0000000800000000)
  region size 1024K, 76 young (77824K), 7 survivors (7168K)
 Metaspace       used 99234K, capacity 101838K, committed 101888K, reserved 1138688K
  class space    used 12651K, capacity 13522K, committed 13568K, reserved 1048576K
}

Deoptimization events (20 events):
Event: 65.540 Thread 0x000001d5c9f49800 DEOPT PACKING pc=0x000001d5b20eeaa0 sp=0x000000a2bf3f9410
Event: 65.540 Thread 0x000001d5c9f49800 DEOPT UNPACKING pc=0x000001d5b0c6794e sp=0x000000a2bf3f8930 mode 0
Event: 65.540 Thread 0x000001d5c9f49800 DEOPT PACKING pc=0x000001d5b20eeaa0 sp=0x000000a2bf3f9360
Event: 65.540 Thread 0x000001d5c9f49800 DEOPT UNPACKING pc=0x000001d5b0c6794e sp=0x000000a2bf3f8880 mode 0
Event: 65.599 Thread 0x000001d5c9f49800 DEOPT PACKING pc=0x000001d5b20eeaa0 sp=0x000000a2bf3f93d0
Event: 65.599 Thread 0x000001d5c9f49800 DEOPT UNPACKING pc=0x000001d5b0c6794e sp=0x000000a2bf3f88f0 mode 0
Event: 65.600 Thread 0x000001d5c9f49800 Uncommon trap: trap_request=0xffffff4d fr.pc=0x000001d5b8b1de98 relative=0x0000000000000078
Event: 65.600 Thread 0x000001d5c9f49800 Uncommon trap: reason=unstable_if action=reinterpret pc=0x000001d5b8b1de98 method=com.sun.org.apache.xerces.internal.impl.XMLEntityScanner.checkBeforeLoad(Lcom/sun/xml/internal/stream/Entity$ScannedEntity;II)I @ 18 c2
Event: 65.600 Thread 0x000001d5c9f49800 DEOPT PACKING pc=0x000001d5b8b1de98 sp=0x000000a2bf3f92c0
Event: 65.600 Thread 0x000001d5c9f49800 DEOPT UNPACKING pc=0x000001d5b0c67b2f sp=0x000000a2bf3f9250 mode 2
Event: 65.918 Thread 0x000001d5c9f49800 DEOPT PACKING pc=0x000001d5b1c64d84 sp=0x000000a2bf3f4f10
Event: 65.918 Thread 0x000001d5c9f49800 DEOPT UNPACKING pc=0x000001d5b0c6794e sp=0x000000a2bf3f4348 mode 0
Event: 65.918 Thread 0x000001d5c9f49800 DEOPT PACKING pc=0x000001d5b1c64eac sp=0x000000a2bf3f4f80
Event: 65.918 Thread 0x000001d5c9f49800 DEOPT UNPACKING pc=0x000001d5b0c6794e sp=0x000000a2bf3f4420 mode 0
Event: 65.918 Thread 0x000001d5c9f49800 DEOPT PACKING pc=0x000001d5b1da5504 sp=0x000000a2bf3f4ff0
Event: 65.918 Thread 0x000001d5c9f49800 DEOPT UNPACKING pc=0x000001d5b0c6794e sp=0x000000a2bf3f43f0 mode 0
Event: 66.052 Thread 0x000001d5c9f49800 DEOPT PACKING pc=0x000001d5b1e13597 sp=0x000000a2bf3f5400
Event: 66.052 Thread 0x000001d5c9f49800 DEOPT UNPACKING pc=0x000001d5b0c6794e sp=0x000000a2bf3f4948 mode 0
Event: 66.185 Thread 0x000001d5c9f49800 DEOPT PACKING pc=0x000001d5b2aca603 sp=0x000000a2bf3f69d0
Event: 66.185 Thread 0x000001d5c9f49800 DEOPT UNPACKING pc=0x000001d5b0c6794e sp=0x000000a2bf3f5f10 mode 0

Classes redefined (0 events):
No events

Internal exceptions (20 events):
Event: 64.911 Thread 0x000001d5c9f49800 Exception <a 'java/lang/ClassNotFoundException'{0x000000076d9378d8}: com/android/build/gradle/tasks/factory/AndroidUnitTestBeanInfo> (0x000000076d9378d8) thrown at [./src/hotspot/share/classfile/systemDictionary.cpp, line 231]
Event: 64.912 Thread 0x000001d5c9f49800 Exception <a 'java/lang/ClassNotFoundException'{0x000000076d956050}: org/gradle/api/tasks/testing/TestBeanInfo> (0x000000076d956050) thrown at [./src/hotspot/share/classfile/systemDictionary.cpp, line 231]
Event: 64.912 Thread 0x000001d5c9f49800 Exception <a 'java/lang/ClassNotFoundException'{0x000000076d978208}: org/gradle/api/tasks/testing/AbstractTestTaskBeanInfo> (0x000000076d978208) thrown at [./src/hotspot/share/classfile/systemDictionary.cpp, line 231]
Event: 64.912 Thread 0x000001d5c9f49800 Exception <a 'java/lang/ClassNotFoundException'{0x000000076d99aa00}: org/gradle/api/tasks/testing/AbstractTestTaskCustomizer> (0x000000076d99aa00) thrown at [./src/hotspot/share/classfile/systemDictionary.cpp, line 231]
Event: 64.913 Thread 0x000001d5c9f49800 Exception <a 'java/lang/ClassNotFoundException'{0x000000076d9d8568}: org/gradle/api/tasks/testing/TestCustomizer> (0x000000076d9d8568) thrown at [./src/hotspot/share/classfile/systemDictionary.cpp, line 231]
Event: 64.918 Thread 0x000001d5c9f49800 Exception <a 'java/lang/ClassNotFoundException'{0x000000076d8932d8}: com/android/build/gradle/tasks/factory/AndroidUnitTestCustomizer> (0x000000076d8932d8) thrown at [./src/hotspot/share/classfile/systemDictionary.cpp, line 231]
Event: 64.919 Thread 0x000001d5c9f49800 Exception <a 'java/lang/ClassNotFoundException'{0x000000076d8ca308}: com/android/build/gradle/tasks/factory/AndroidUnitTest_DecoratedCustomizer> (0x000000076d8ca308) thrown at [./src/hotspot/share/classfile/systemDictionary.cpp, line 231]
Event: 64.967 Thread 0x000001d5c9f49800 Exception <a 'java/lang/ClassNotFoundException'{0x000000076d13f290}: org/gradle/api/internal/tasks/DefaultSourceSetContainer_DecoratedBeanInfo> (0x000000076d13f290) thrown at [./src/hotspot/share/classfile/systemDictionary.cpp, line 231]
Event: 64.967 Thread 0x000001d5c9f49800 Exception <a 'java/lang/ClassNotFoundException'{0x000000076d1622d0}: org/gradle/api/internal/tasks/DefaultSourceSetContainerBeanInfo> (0x000000076d1622d0) thrown at [./src/hotspot/share/classfile/systemDictionary.cpp, line 231]
Event: 64.968 Thread 0x000001d5c9f49800 Exception <a 'java/lang/ClassNotFoundException'{0x000000076d1855f8}: org/gradle/api/internal/tasks/DefaultSourceSetContainerCustomizer> (0x000000076d1855f8) thrown at [./src/hotspot/share/classfile/systemDictionary.cpp, line 231]
Event: 64.969 Thread 0x000001d5c9f49800 Exception <a 'java/lang/ClassNotFoundException'{0x000000076d1b73b0}: org/gradle/api/internal/tasks/DefaultSourceSetContainer_DecoratedCustomizer> (0x000000076d1b73b0) thrown at [./src/hotspot/share/classfile/systemDictionary.cpp, line 231]
Event: 65.181 Thread 0x000001d5c9f49800 Exception <a 'sun/nio/fs/WindowsException'{0x000000076d86d870}> (0x000000076d86d870) thrown at [./src/hotspot/share/prims/jni.cpp, line 615]
Event: 65.181 Thread 0x000001d5c9f49800 Exception <a 'sun/nio/fs/WindowsException'{0x000000076d86de20}> (0x000000076d86de20) thrown at [./src/hotspot/share/prims/jni.cpp, line 615]
Event: 65.304 Thread 0x000001d5c9f49800 Exception <a 'java/lang/NullPointerException'{0x000000076cf81130}> (0x000000076cf81130) thrown at [./src/hotspot/share/interpreter/linkResolver.cpp, line 1440]
Event: 65.504 Thread 0x000001d5c9f49800 Exception <a 'java/lang/NoSuchMethodError'{0x000000076b9cc860}: 'int java.lang.invoke.DirectMethodHandle$Holder.invokeStatic(java.lang.Object, java.lang.Object, int, java.lang.Object)'> (0x000000076b9cc860) thrown at [./src/hotspot/share/interpreter/linkResolver.cpp, line 773]
Event: 65.534 Thread 0x000001d5c9f49800 Exception <a 'sun/nio/fs/WindowsException'{0x000000076b8d43a0}> (0x000000076b8d43a0) thrown at [./src/hotspot/share/prims/jni.cpp, line 615]
Event: 65.534 Thread 0x000001d5c9f49800 Exception <a 'sun/nio/fs/WindowsException'{0x000000076b8d5710}> (0x000000076b8d5710) thrown at [./src/hotspot/share/prims/jni.cpp, line 615]
Event: 65.534 Thread 0x000001d5c9f49800 Exception <a 'sun/nio/fs/WindowsException'{0x000000076b8d6ad0}> (0x000000076b8d6ad0) thrown at [./src/hotspot/share/prims/jni.cpp, line 615]
Event: 65.534 Thread 0x000001d5c9f49800 Exception <a 'sun/nio/fs/WindowsException'{0x000000076b8d7e90}> (0x000000076b8d7e90) thrown at [./src/hotspot/share/prims/jni.cpp, line 615]
Event: 65.854 Thread 0x000001d5c9f49800 Exception <a 'java/lang/reflect/InvocationTargetException'{0x000000076a86d110}> (0x000000076a86d110) thrown at [./src/hotspot/share/runtime/reflection.cpp, line 1247]

Events (20 events):
Event: 66.106 loading class org/gradle/internal/component/model/VariantFilesRules done
Event: 66.106 loading class com/android/build/gradle/internal/dependency/AndroidXDependencySubstitution$replaceOldSupportLibraries$1$1
Event: 66.106 loading class com/android/build/gradle/internal/dependency/AndroidXDependencySubstitution$replaceOldSupportLibraries$1$1 done
Event: 66.107 loading class com/android/build/gradle/internal/dependency/AndroidXDependencySubstitution$replaceOldSupportLibraries$1$1$1
Event: 66.107 loading class com/android/build/gradle/internal/dependency/AndroidXDependencySubstitution$replaceOldSupportLibraries$1$1$1 done
Event: 66.107 loading class org/gradle/internal/component/model/DependencyMetadataRules
Event: 66.107 loading class org/gradle/internal/component/model/DependencyMetadataRules done
Event: 66.108 loading class org/gradle/internal/component/external/model/ModuleDependencyMetadata
Event: 66.108 loading class org/gradle/internal/component/external/model/ModuleDependencyMetadata done
Event: 66.108 loading class org/gradle/internal/component/external/model/ModuleDependencyMetadata
Event: 66.108 loading class org/gradle/internal/component/external/model/ModuleDependencyMetadata done
Event: 66.108 loading class org/gradle/api/specs/Spec
Event: 66.108 loading class org/gradle/api/specs/Spec done
Event: 66.108 loading class org/gradle/api/specs/Spec
Event: 66.108 loading class org/gradle/api/specs/Spec done
Event: 66.109 loading class org/gradle/internal/component/model/ConfigurationMetadata
Event: 66.109 loading class org/gradle/internal/component/model/ConfigurationMetadata done
Event: 66.109 loading class org/gradle/internal/component/external/model/LazyRuleAwareWithBaseConfigurationMetadata
Event: 66.109 loading class org/gradle/internal/component/external/model/LazyRuleAwareWithBaseConfigurationMetadata done
Event: 66.233 Executing VM operation: G1CollectForAllocation


Dynamic libraries:
0x00007ff622600000 - 0x00007ff62260a000 	C:\Program Files\Android\Android Studio\jre\bin\java.exe
0x00007ffc1ed70000 - 0x00007ffc1ef65000 	C:\Windows\SYSTEM32\ntdll.dll
0x00007ffc1dac0000 - 0x00007ffc1db7e000 	C:\Windows\System32\KERNEL32.DLL
0x00007ffc1ca60000 - 0x00007ffc1cd29000 	C:\Windows\System32\KERNELBASE.dll
0x00007ffc1c8e0000 - 0x00007ffc1c9e0000 	C:\Windows\System32\ucrtbase.dll
0x00007ffc0d810000 - 0x00007ffc0d827000 	C:\Program Files\Android\Android Studio\jre\bin\VCRUNTIME140.dll
0x00007ffc11900000 - 0x00007ffc11919000 	C:\Program Files\Android\Android Studio\jre\bin\jli.dll
0x00007ffc1ea30000 - 0x00007ffc1ebd1000 	C:\Windows\System32\USER32.dll
0x00007ffc1ca30000 - 0x00007ffc1ca52000 	C:\Windows\System32\win32u.dll
0x00007ffc0b8d0000 - 0x00007ffc0bb6a000 	C:\Windows\WinSxS\amd64_microsoft.windows.common-controls_6595b64144ccf1df_6.0.19041.1110_none_60b5254171f9507e\COMCTL32.dll
0x00007ffc1d070000 - 0x00007ffc1d09b000 	C:\Windows\System32\GDI32.dll
0x00007ffc1ec90000 - 0x00007ffc1ed2e000 	C:\Windows\System32\msvcrt.dll
0x00007ffc1c490000 - 0x00007ffc1c59b000 	C:\Windows\System32\gdi32full.dll
0x00007ffc1c630000 - 0x00007ffc1c6cd000 	C:\Windows\System32\msvcp_win.dll
0x00007ffc1d030000 - 0x00007ffc1d060000 	C:\Windows\System32\IMM32.DLL
0x00007ffbebdb0000 - 0x00007ffbebe4d000 	C:\Program Files\Android\Android Studio\jre\bin\msvcp140.dll
0x00007ffbe29f0000 - 0x00007ffbe34bf000 	C:\Program Files\Android\Android Studio\jre\bin\server\jvm.dll
0x00007ffc1d160000 - 0x00007ffc1d20c000 	C:\Windows\System32\ADVAPI32.dll
0x00007ffc1e960000 - 0x00007ffc1e9fb000 	C:\Windows\System32\sechost.dll
0x00007ffc1cea0000 - 0x00007ffc1cfca000 	C:\Windows\System32\RPCRT4.dll
0x00007ffc1d060000 - 0x00007ffc1d068000 	C:\Windows\System32\PSAPI.DLL
0x00007ffc10d80000 - 0x00007ffc10d89000 	C:\Windows\SYSTEM32\WSOCK32.dll
0x00007ffc14870000 - 0x00007ffc14897000 	C:\Windows\SYSTEM32\WINMM.dll
0x00007ffc1dc10000 - 0x00007ffc1dc7b000 	C:\Windows\System32\WS2_32.dll
0x00007ffc172b0000 - 0x00007ffc172ba000 	C:\Windows\SYSTEM32\VERSION.dll
0x00007ffc1a3b0000 - 0x00007ffc1a3c2000 	C:\Windows\SYSTEM32\kernel.appcore.dll
0x00007ffc08e20000 - 0x00007ffc08e31000 	C:\Program Files\Android\Android Studio\jre\bin\verify.dll
0x00007ffc081c0000 - 0x00007ffc083a4000 	C:\Windows\SYSTEM32\DBGHELP.DLL
0x00007ffc06b80000 - 0x00007ffc06bac000 	C:\Windows\SYSTEM32\dbgcore.DLL
0x00007ffc1cd30000 - 0x00007ffc1cdb3000 	C:\Windows\System32\bcryptPrimitives.dll
0x00007ffbfaf50000 - 0x00007ffbfaf79000 	C:\Program Files\Android\Android Studio\jre\bin\java.dll
0x00007ffc0d7e0000 - 0x00007ffc0d7eb000 	C:\Program Files\Android\Android Studio\jre\bin\jimage.dll
0x00007ffc023f0000 - 0x00007ffc02408000 	C:\Program Files\Android\Android Studio\jre\bin\zip.dll
0x00007ffc1e220000 - 0x00007ffc1e95f000 	C:\Windows\System32\SHELL32.dll
0x00007ffc1a5b0000 - 0x00007ffc1ad40000 	C:\Windows\SYSTEM32\windows.storage.dll
0x00007ffc1d760000 - 0x00007ffc1dab5000 	C:\Windows\System32\combase.dll
0x00007ffc1be10000 - 0x00007ffc1be3c000 	C:\Windows\SYSTEM32\Wldp.dll
0x00007ffc1e040000 - 0x00007ffc1e0ed000 	C:\Windows\System32\SHCORE.dll
0x00007ffc1d0a0000 - 0x00007ffc1d0f5000 	C:\Windows\System32\shlwapi.dll
0x00007ffc1c3d0000 - 0x00007ffc1c3ef000 	C:\Windows\SYSTEM32\profapi.dll
0x00007ffc01300000 - 0x00007ffc0131a000 	C:\Program Files\Android\Android Studio\jre\bin\net.dll
0x00007ffc12be0000 - 0x00007ffc12ce8000 	C:\Windows\SYSTEM32\WINHTTP.dll
0x00007ffc1bb70000 - 0x00007ffc1bbda000 	C:\Windows\system32\mswsock.dll
0x00007ffc01270000 - 0x00007ffc01284000 	C:\Program Files\Android\Android Studio\jre\bin\nio.dll
0x00007ffc0b7a0000 - 0x00007ffc0b7c7000 	C:\Users\hp\.gradle\native\8bec1ad78214c89d9ad589b4d07fe93259594b29d510b10fafb7a158f7737e5d\windows-amd64\native-platform.dll
0x00007ffbf73f0000 - 0x00007ffbf752d000 	C:\Users\hp\.gradle\native\53dbd7edfb1c66fb8903c78663c9afc45aea4f116125fa6feffd364cf09443e8\windows-amd64\native-platform-file-events.dll
0x00007ffc0d070000 - 0x00007ffc0d07a000 	C:\Program Files\Android\Android Studio\jre\bin\management.dll
0x00007ffc0d000000 - 0x00007ffc0d00c000 	C:\Program Files\Android\Android Studio\jre\bin\management_ext.dll
0x00007ffc1bd60000 - 0x00007ffc1bd78000 	C:\Windows\SYSTEM32\CRYPTSP.dll
0x00007ffc1b4f0000 - 0x00007ffc1b524000 	C:\Windows\system32\rsaenh.dll
0x00007ffc1c600000 - 0x00007ffc1c627000 	C:\Windows\System32\bcrypt.dll
0x00007ffc1c350000 - 0x00007ffc1c37e000 	C:\Windows\SYSTEM32\USERENV.dll
0x00007ffc1bd80000 - 0x00007ffc1bd8c000 	C:\Windows\SYSTEM32\CRYPTBASE.dll
0x00007ffc1b860000 - 0x00007ffc1b89b000 	C:\Windows\SYSTEM32\IPHLPAPI.DLL
0x00007ffc1ea00000 - 0x00007ffc1ea08000 	C:\Windows\System32\NSI.dll
0x00007ffc15e40000 - 0x00007ffc15e57000 	C:\Windows\SYSTEM32\dhcpcsvc6.DLL
0x00007ffc161d0000 - 0x00007ffc161ed000 	C:\Windows\SYSTEM32\dhcpcsvc.DLL
0x00007ffc1b8a0000 - 0x00007ffc1b96c000 	C:\Windows\SYSTEM32\DNSAPI.dll
0x00007ffc146e0000 - 0x00007ffc14707000 	C:\Program Files\Android\Android Studio\jre\bin\sunec.dll
0x00007ffc12cf0000 - 0x00007ffc12cfa000 	C:\Windows\System32\rasadhlp.dll
0x00007ffc12a10000 - 0x00007ffc12a8f000 	C:\Windows\System32\fwpuclnt.dll

dbghelp: loaded successfully - version: 4.0.5 - missing functions: none
symbol engine: initialized successfully - sym options: 0x614 - pdb path: .;C:\Program Files\Android\Android Studio\jre\bin;C:\Windows\SYSTEM32;C:\Windows\WinSxS\amd64_microsoft.windows.common-controls_6595b64144ccf1df_6.0.19041.1110_none_60b5254171f9507e;C:\Program Files\Android\Android Studio\jre\bin\server;C:\Users\hp\.gradle\native\8bec1ad78214c89d9ad589b4d07fe93259594b29d510b10fafb7a158f7737e5d\windows-amd64;C:\Users\hp\.gradle\native\53dbd7edfb1c66fb8903c78663c9afc45aea4f116125fa6feffd364cf09443e8\windows-amd64

VM Arguments:
jvm_args: --add-opens=java.base/java.util=ALL-UNNAMED --add-opens=java.base/java.lang=ALL-UNNAMED --add-opens=java.base/java.lang.invoke=ALL-UNNAMED --add-opens=java.base/java.util=ALL-UNNAMED --add-opens=java.prefs/java.util.prefs=ALL-UNNAMED --add-opens=java.prefs/java.util.prefs=ALL-UNNAMED --add-opens=java.base/java.nio.charset=ALL-UNNAMED --add-opens=java.base/java.net=ALL-UNNAMED --add-opens=java.base/java.util.concurrent.atomic=ALL-UNNAMED -Xmx2560m -Dfile.encoding=windows-1252 -Duser.country=IN -Duser.language=en -Duser.variant 
java_command: org.gradle.launcher.daemon.bootstrap.GradleDaemon 7.0.2
java_class_path (initial): C:\Users\hp\.gradle\wrapper\dists\gradle-7.0.2-bin\857tjihv64xamwrf0h14cai3r\gradle-7.0.2\lib\gradle-launcher-7.0.2.jar
Launcher Type: SUN_STANDARD

[Global flags]
     intx CICompilerCount                          = 3                                         {product} {ergonomic}
     uint ConcGCThreads                            = 1                                         {product} {ergonomic}
     uint G1ConcRefinementThreads                  = 4                                         {product} {ergonomic}
   size_t G1HeapRegionSize                         = 1048576                                   {product} {ergonomic}
    uintx GCDrainStackTargetSize                   = 64                                        {product} {ergonomic}
   size_t InitialHeapSize                          = 134217728                                 {product} {ergonomic}
   size_t MarkStackSize                            = 4194304                                   {product} {ergonomic}
   size_t MaxHeapSize                              = 2684354560                                {product} {command line}
   size_t MaxNewSize                               = 1610612736                                {product} {ergonomic}
   size_t MinHeapDeltaBytes                        = 1048576                                   {product} {ergonomic}
    uintx NonNMethodCodeHeapSize                   = 5830732                                {pd product} {ergonomic}
    uintx NonProfiledCodeHeapSize                  = 122913754                              {pd product} {ergonomic}
    uintx ProfiledCodeHeapSize                     = 122913754                              {pd product} {ergonomic}
    uintx ReservedCodeCacheSize                    = 251658240                              {pd product} {ergonomic}
     bool SegmentedCodeCache                       = true                                      {product} {ergonomic}
     bool UseCompressedClassPointers               = true                                 {lp64_product} {ergonomic}
     bool UseCompressedOops                        = true                                 {lp64_product} {ergonomic}
     bool UseG1GC                                  = true                                      {product} {ergonomic}
     bool UseLargePagesIndividualAllocation        = false                                  {pd product} {ergonomic}

Logging:
Log output configuration:
 #0: stdout all=warning uptime,level,tags
 #1: stderr all=off uptime,level,tags

Environment Variables:
PATH=C:\Windows\system32;C:\Windows;C:\Windows\System32\Wbem;C:\Windows\System32\WindowsPowerShell\v1.0\;C:\Windows\System32\OpenSSH\;C:\Program Files\Git\cmd;C:\Users\hp\AppData\Local\Microsoft\WindowsApps;
USERNAME=hp
OS=Windows_NT
PROCESSOR_IDENTIFIER=Intel64 Family 6 Model 94 Stepping 3, GenuineIntel



---------------  S Y S T E M  ---------------

OS: Windows 10 , 64 bit Build 19041 (10.0.19041.1202)
OS uptime: 4 days 5:42 hours

CPU:total 4 (initial active 4) (4 cores per cpu, 1 threads per core) family 6 model 94 stepping 3 microcode 0xcc, cmov, cx8, fxsr, mmx, sse, sse2, sse3, ssse3, sse4.1, sse4.2, popcnt, avx, avx2, aes, clmul, erms, rtm, 3dnowpref, lzcnt, tsc, tscinvbit, bmi1, bmi2, adx, fma

Memory: 4k page, system-wide physical 8092M (282M free)
TotalPageFile size 32668M (AvailPageFile size 27M)
current process WorkingSet (physical memory assigned to process): 400M, peak: 451M
current process commit charge ("private bytes"): 519M, peak: 566M

vm_info: OpenJDK 64-Bit Server VM (11.0.10+0-b96-7249189) for windows-amd64 JRE (11.0.10+0-b96-7249189), built on Mar 31 2021 21:44:00 by "builder" with MS VC++ 14.0 (VS2015)

END.
